D:\ZHAOHAIBIN\BREAKPAD\BUILD\BREAKPAD.DIR\DEBUG\CLIENT_INFO.OBJ
D:\ZHAOHAIBIN\BREAKPAD\BUILD\BREAKPAD.DIR\DEBUG\CRASH_GENERATION_CLIENT.OBJ
D:\ZHAOHAIBIN\BREAKPAD\BUILD\BREAKPAD.DIR\DEBUG\CRASH_GENERATION_SERVER.OBJ
D:\ZHAOHAIBIN\BREAKPAD\BUILD\BREAKPAD.DIR\DEBUG\EXCEPTION_HANDLER.OBJ
D:\ZHAOHAIBIN\BREAKPAD\BUILD\BREAKPAD.DIR\DEBUG\MINIDUMP_GENERATOR.OBJ
D:\ZHAOHAIBIN\BREAKPAD\BUILD\BREAKPAD.DIR\DEBUG\VC100.PDB
D:\ZHAOHAIBIN\BREAKPAD\BUILD\CMAKEFILES\GENERATE.STAMP
D:\ZHAOHAIBIN\BREAKPAD\BUILD\DEBUG\BREAKPAD.LIB
D:\zhaohaibin\BreakpadForWindows\build\breakpad.dir\Debug\breakpad.vcxprojResolveAssemblyReference.cache
D:\zhaohaibin\BreakpadForWindows\build\breakpad.dir\Debug\breakpad.write.1.tlog
D:\zhaohaibin\BreakpadForWindows\build\breakpad.dir\Debug\cl.command.1.tlog
D:\zhaohaibin\BreakpadForWindows\build\breakpad.dir\Debug\CL.read.1.tlog
D:\zhaohaibin\BreakpadForWindows\build\breakpad.dir\Debug\CL.write.1.tlog
D:\ZHAOHAIBIN\BREAKPADFORWINDOWS\BUILD\BREAKPAD.DIR\DEBUG\CLIENT_INFO.OBJ
D:\ZHAOHAIBIN\BREAKPADFORWINDOWS\BUILD\BREAKPAD.DIR\DEBUG\CRASH_GENERATION_CLIENT.OBJ
D:\ZHAOHAIBIN\BREAKPADFORWINDOWS\BUILD\BREAKPAD.DIR\DEBUG\CRASH_GENERATION_SERVER.OBJ
D:\zhaohaibin\BreakpadForWindows\build\breakpad.dir\Debug\custombuild.command.1.tlog
D:\zhaohaibin\BreakpadForWindows\build\breakpad.dir\Debug\custombuild.read.1.tlog
D:\zhaohaibin\BreakpadForWindows\build\breakpad.dir\Debug\custombuild.write.1.tlog
D:\ZHAOHAIBIN\BREAKPADFORWINDOWS\BUILD\BREAKPAD.DIR\DEBUG\EXCEPTION_HANDLER.OBJ
D:\zhaohaibin\BreakpadForWindows\build\breakpad.dir\Debug\lib.command.1.tlog
D:\zhaohaibin\BreakpadForWindows\build\breakpad.dir\Debug\Lib-link.read.1.tlog
D:\zhaohaibin\BreakpadForWindows\build\breakpad.dir\Debug\Lib-link.write.1.tlog
D:\ZHAOHAIBIN\BREAKPADFORWINDOWS\BUILD\BREAKPAD.DIR\DEBUG\MINIDUMP_GENERATOR.OBJ
D:\ZHAOHAIBIN\BREAKPADFORWINDOWS\BUILD\BREAKPAD.DIR\DEBUG\VC100.PDB
