生成启动时间为 2017/1/13 15:34:25。
     1>项目“D:\zhaohaibin\新建文件夹\BreakpadForWindows\build\dump_syms.vcxproj”在节点 3 上(build 个目标)。
     1>InitializeBuildStatus:
         正在对“dump_syms.dir\Debug\dump_syms.unsuccessfulbuild”执行 Touch 任务。
       CustomBuild:
         所有输出均为最新。
       ClCompile:
         所有输出均为最新。
       ManifestResourceCompile:
         所有输出均为最新。
       Link:
         C:\Program Files (x86)\Microsoft Visual Studio 10.0\VC\bin\link.exe /ERRORREPORT:PROMPT /OUT:"D:\zhaohaibin\breakpad\build\Debug\dump_syms.exe" /INCREMENTAL /NOLOGO /LIBPATH:"C:\Program Files (x86)\Microsoft Visual Studio 10.0\DIA SDK\lib" kernel32.lib user32.lib gdi32.lib winspool.lib shell32.lib ole32.lib oleaut32.lib uuid.lib comdlg32.lib advapi32.lib Debug\breakpad_common.lib Imagehlp.lib diaguids.lib /MANIFEST /ManifestFile:"dump_syms.dir\Debug\dump_syms.exe.intermediate.manifest" /MANIFESTUAC:"level='asInvoker' uiAccess='false'" /DEBUG /PDB:"D:/zhaohaibin/breakpad/build/Debug/dump_syms.pdb" /SUBSYSTEM:CONSOLE /TLBID:1 /DYNAMICBASE /NXCOMPAT /IMPLIB:"D:/zhaohaibin/breakpad/build/Debug/dump_syms.lib" /MACHINE:X86 dump_syms.dir\Debug\dump_syms.exe.embed.manifest.res
         dump_syms.dir\Debug\pdb_source_line_writer.obj
         dump_syms.dir\Debug\dump_syms.obj  /machine:X86 
       Manifest:
         C:\Program Files (x86)\Microsoft SDKs\Windows\v7.0A\bin\mt.exe /nologo /verbose /out:"dump_syms.dir\Debug\dump_syms.exe.embed.manifest" /manifest dump_syms.dir\Debug\dump_syms.exe.intermediate.manifest
         C:\Program Files (x86)\Microsoft SDKs\Windows\v7.0A\bin\rc.exe /nologo /fo"dump_syms.dir\Debug\dump_syms.exe.embed.manifest.res" dump_syms.dir\Debug\dump_syms_manifest.rc 
       LinkEmbedManifest:
         C:\Program Files (x86)\Microsoft Visual Studio 10.0\VC\bin\link.exe /ERRORREPORT:PROMPT /OUT:"D:\zhaohaibin\breakpad\build\Debug\dump_syms.exe" /INCREMENTAL /NOLOGO /LIBPATH:"C:\Program Files (x86)\Microsoft Visual Studio 10.0\DIA SDK\lib" kernel32.lib user32.lib gdi32.lib winspool.lib shell32.lib ole32.lib oleaut32.lib uuid.lib comdlg32.lib advapi32.lib Debug\breakpad_common.lib Imagehlp.lib diaguids.lib /MANIFEST /ManifestFile:"dump_syms.dir\Debug\dump_syms.exe.intermediate.manifest" /MANIFESTUAC:"level='asInvoker' uiAccess='false'" /DEBUG /PDB:"D:/zhaohaibin/breakpad/build/Debug/dump_syms.pdb" /SUBSYSTEM:CONSOLE /TLBID:1 /DYNAMICBASE /NXCOMPAT /IMPLIB:"D:/zhaohaibin/breakpad/build/Debug/dump_syms.lib" /MACHINE:X86 dump_syms.dir\Debug\dump_syms.exe.embed.manifest.res
         dump_syms.dir\Debug\pdb_source_line_writer.obj
         dump_syms.dir\Debug\dump_syms.obj  /machine:X86 
         dump_syms.vcxproj -> D:\zhaohaibin\breakpad\build\Debug\dump_syms.exe
       FinalizeBuildStatus:
         正在删除文件“dump_syms.dir\Debug\dump_syms.unsuccessfulbuild”。
         正在对“dump_syms.dir\Debug\dump_syms.lastbuildstate”执行 Touch 任务。
     1>已完成生成项目“D:\zhaohaibin\新建文件夹\BreakpadForWindows\build\dump_syms.vcxproj”(build 个目标)的操作。

生成成功。

已用时间 00:00:05.25
