D:\ZHAOHAIBIN\BREAKPAD\BUILD\CMAKEFILES\GENERATE.STAMP
D:\ZHAOHAIBIN\BREAKPAD\BUILD\DEBUG\DUMP_SYMS.EXE
D:\ZHAOHAIBIN\BREAKPAD\BUILD\DEBUG\DUMP_SYMS.PDB
D:\ZHAOHAIBIN\BREAKPAD\BUILD\DUMP_SYMS.DIR\DEBUG\DUMP_SYMS.EXE.EMBED.MANIFEST
D:\ZHAOHAIBIN\BREAKPAD\BUILD\DUMP_SYMS.DIR\DEBUG\DUMP_SYMS.EXE.EMBED.MANIFEST.RES
D:\ZHAOHAIBIN\BREAKPAD\BUILD\DUMP_SYMS.DIR\DEBUG\DUMP_SYMS.OBJ
D:\ZHAOHAIBIN\BREAKPAD\BUILD\DUMP_SYMS.DIR\DEBUG\PDB_SOURCE_LINE_WRITER.OBJ
D:\ZHAOHAIBIN\BREAKPAD\BUILD\DUMP_SYMS.DIR\DEBUG\VC100.PDB
D:\zhaohaibin\BreakpadForWindows\build\dump_syms.dir\Debug\cl.command.1.tlog
D:\zhaohaibin\BreakpadForWindows\build\dump_syms.dir\Debug\CL.read.1.tlog
D:\zhaohaibin\BreakpadForWindows\build\dump_syms.dir\Debug\CL.write.1.tlog
D:\zhaohaibin\BreakpadForWindows\build\dump_syms.dir\Debug\custombuild.command.1.tlog
D:\zhaohaibin\BreakpadForWindows\build\dump_syms.dir\Debug\custombuild.read.1.tlog
D:\zhaohaibin\BreakpadForWindows\build\dump_syms.dir\Debug\custombuild.write.1.tlog
D:\zhaohaibin\BreakpadForWindows\build\dump_syms.dir\Debug\dump_syms.exe.embed.manifest
D:\ZHAOHAIBIN\BREAKPADFORWINDOWS\BUILD\DUMP_SYMS.DIR\DEBUG\DUMP_SYMS.EXE.EMBED.MANIFEST.RES
D:\ZHAOHAIBIN\BREAKPADFORWINDOWS\BUILD\DUMP_SYMS.DIR\DEBUG\DUMP_SYMS.EXE.INTERMEDIATE.MANIFEST
D:\ZHAOHAIBIN\BREAKPADFORWINDOWS\BUILD\DUMP_SYMS.DIR\DEBUG\DUMP_SYMS.OBJ
D:\zhaohaibin\BreakpadForWindows\build\dump_syms.dir\Debug\dump_syms.vcxprojResolveAssemblyReference.cache
D:\zhaohaibin\BreakpadForWindows\build\dump_syms.dir\Debug\dump_syms.write.1.tlog
D:\zhaohaibin\BreakpadForWindows\build\dump_syms.dir\Debug\dump_syms_manifest.rc
D:\zhaohaibin\BreakpadForWindows\build\dump_syms.dir\Debug\link.8448.read.1.tlog
D:\zhaohaibin\BreakpadForWindows\build\dump_syms.dir\Debug\link.8448.write.1.tlog
D:\zhaohaibin\BreakpadForWindows\build\dump_syms.dir\Debug\link.8448-cvtres.read.1.tlog
D:\zhaohaibin\BreakpadForWindows\build\dump_syms.dir\Debug\link.8448-cvtres.write.1.tlog
D:\zhaohaibin\BreakpadForWindows\build\dump_syms.dir\Debug\link.command.1.tlog
D:\zhaohaibin\BreakpadForWindows\build\dump_syms.dir\Debug\link.read.1.tlog
D:\zhaohaibin\BreakpadForWindows\build\dump_syms.dir\Debug\link.write.1.tlog
D:\zhaohaibin\BreakpadForWindows\build\dump_syms.dir\Debug\link-cvtres.read.1.tlog
D:\zhaohaibin\BreakpadForWindows\build\dump_syms.dir\Debug\link-cvtres.write.1.tlog
D:\zhaohaibin\BreakpadForWindows\build\dump_syms.dir\Debug\mt.command.1.tlog
D:\zhaohaibin\BreakpadForWindows\build\dump_syms.dir\Debug\mt.read.1.tlog
D:\zhaohaibin\BreakpadForWindows\build\dump_syms.dir\Debug\mt.write.1.tlog
D:\ZHAOHAIBIN\BREAKPADFORWINDOWS\BUILD\DUMP_SYMS.DIR\DEBUG\PDB_SOURCE_LINE_WRITER.OBJ
D:\zhaohaibin\BreakpadForWindows\build\dump_syms.dir\Debug\rc.command.1.tlog
D:\zhaohaibin\BreakpadForWindows\build\dump_syms.dir\Debug\rc.read.1.tlog
D:\zhaohaibin\BreakpadForWindows\build\dump_syms.dir\Debug\rc.write.1.tlog
D:\ZHAOHAIBIN\BREAKPADFORWINDOWS\BUILD\DUMP_SYMS.DIR\DEBUG\VC100.PDB
